# JRE version: OpenJDK Runtime Environment Zulu11.62+17-CA (11.0.18+10) (build 11.0.18+10-LTS)
# Java VM: OpenJDK 64-Bit Server VM Zulu11.62+17-CA (11.0.18+10-LTS, mixed mode, tiered, compressed oops, g1 gc, windows-amd64)
Heap:
 garbage-first heap   total 475136K, used 378770K [0x0000000080000000, 0x0000000100000000)
  region size 1024K, 60 young (61440K), 3 survivors (3072K)
 Metaspace       used 148759K, capacity 153537K, committed 158588K, reserved 1185792K
  class space    used 18496K, capacity 20332K, committed 21760K, reserved 1048576K
GC Heap History (20 events):
Event: 26.327 GC heap before
{Heap before GC invocations=55 (full 0):
 garbage-first heap   total 475136K, used 264076K [0x0000000080000000, 0x0000000100000000)
  region size 1024K, 23 young (23552K), 3 survivors (3072K)
 Metaspace       used 128335K, capacity 131923K, committed 132220K, reserved 1163264K
  class space    used 16260K, capacity 17607K, committed 17664K, reserved 1048576K
}
Event: 26.342 GC heap after
{Heap after GC invocations=56 (full 0):
 garbage-first heap   total 475136K, used 214366K [0x0000000080000000, 0x0000000100000000)
  region size 1024K, 3 young (3072K), 3 survivors (3072K)
 Metaspace       used 128335K, capacity 131923K, committed 132220K, reserved 1163264K
  class space    used 16260K, capacity 17607K, committed 17664K, reserved 1048576K
}
Event: 26.472 GC heap before
{Heap before GC invocations=56 (full 0):
 garbage-first heap   total 475136K, used 235870K [0x0000000080000000, 0x0000000100000000)
  region size 1024K, 23 young (23552K), 3 survivors (3072K)
 Metaspace       used 128645K, capacity 132208K, committed 132476K, reserved 1165312K
  class space    used 16268K, capacity 17614K, committed 17664K, reserved 1048576K
}
Event: 26.488 GC heap after
{Heap after GC invocations=57 (full 0):
 garbage-first heap   total 475136K, used 212317K [0x0000000080000000, 0x0000000100000000)
  region size 1024K, 3 young (3072K), 3 survivors (3072K)
 Metaspace       used 128645K, capacity 132208K, committed 132476K, reserved 1165312K
  class space    used 16268K, capacity 17614K, committed 17664K, reserved 1048576K
}
Event: 27.923 GC heap before
{Heap before GC invocations=57 (full 0):
 garbage-first heap   total 475136K, used 327005K [0x0000000080000000, 0x0000000100000000)
  region size 1024K, 111 young (113664K), 3 survivors (3072K)
 Metaspace       used 141465K, capacity 145402K, committed 145660K, reserved 1175552K
  class space    used 17762K, capacity 19317K, committed 19328K, reserved 1048576K
}
Event: 27.936 GC heap after
{Heap after GC invocations=58 (full 0):
 garbage-first heap   total 475136K, used 226403K [0x0000000080000000, 0x0000000100000000)
  region size 1024K, 14 young (14336K), 14 survivors (14336K)
 Metaspace       used 141465K, capacity 145402K, committed 145660K, reserved 1175552K
  class space    used 17762K, capacity 19317K, committed 19328K, reserved 1048576K
}
Event: 39.002 GC heap before
{Heap before GC invocations=58 (full 0):
 garbage-first heap   total 475136K, used 339043K [0x0000000080000000, 0x0000000100000000)
  region size 1024K, 123 young (125952K), 14 survivors (14336K)
 Metaspace       used 143236K, capacity 147512K, committed 147836K, reserved 1177600K
  class space    used 17979K, capacity 19604K, committed 19712K, reserved 1048576K
}
Event: 39.019 GC heap after
{Heap after GC invocations=59 (full 0):
 garbage-first heap   total 475136K, used 236860K [0x0000000080000000, 0x0000000100000000)
  region size 1024K, 13 young (13312K), 13 survivors (13312K)
 Metaspace       used 143236K, capacity 147512K, committed 147836K, reserved 1177600K
  class space    used 17979K, capacity 19604K, committed 19712K, reserved 1048576K
}
Event: 39.840 GC heap before
{Heap before GC invocations=59 (full 0):
 garbage-first heap   total 475136K, used 351548K [0x0000000080000000, 0x0000000100000000)
  region size 1024K, 122 young (124928K), 13 survivors (13312K)
 Metaspace       used 146378K, capacity 150753K, committed 151036K, reserved 1179648K
  class space    used 18331K, capacity 20030K, committed 20096K, reserved 1048576K
}
Event: 39.854 GC heap after
{Heap after GC invocations=60 (full 0):
 garbage-first heap   total 475136K, used 241946K [0x0000000080000000, 0x0000000100000000)
  region size 1024K, 15 young (15360K), 15 survivors (15360K)
 Metaspace       used 146378K, capacity 150753K, committed 151036K, reserved 1179648K
  class space    used 18331K, capacity 20030K, committed 20096K, reserved 1048576K
}
Event: 40.359 GC heap before
{Heap before GC invocations=60 (full 0):
 garbage-first heap   total 475136K, used 354586K [0x0000000080000000, 0x0000000100000000)
  region size 1024K, 126 young (129024K), 15 survivors (15360K)
 Metaspace       used 151305K, capacity 156309K, committed 156540K, reserved 1185792K
  class space    used 19195K, capacity 21236K, committed 21248K, reserved 1048576K
}
Event: 40.373 GC heap after
{Heap after GC invocations=61 (full 0):
 garbage-first heap   total 475136K, used 256504K [0x0000000080000000, 0x0000000100000000)
  region size 1024K, 15 young (15360K), 15 survivors (15360K)
 Metaspace       used 151305K, capacity 156309K, committed 156540K, reserved 1185792K
  class space    used 19195K, capacity 21236K, committed 21248K, reserved 1048576K
}
Event: 40.748 GC heap before
{Heap before GC invocations=61 (full 0):
 garbage-first heap   total 475136K, used 366072K [0x0000000080000000, 0x0000000100000000)
  region size 1024K, 123 young (125952K), 15 survivors (15360K)
 Metaspace       used 152290K, capacity 157346K, committed 157564K, reserved 1185792K
  class space    used 19307K, capacity 21399K, committed 21504K, reserved 1048576K
}
Event: 40.766 GC heap after
{Heap after GC invocations=62 (full 0):
 garbage-first heap   total 475136K, used 265215K [0x0000000080000000, 0x0000000100000000)
  region size 1024K, 11 young (11264K), 11 survivors (11264K)
 Metaspace       used 152290K, capacity 157346K, committed 157564K, reserved 1185792K
  class space    used 19307K, capacity 21399K, committed 21504K, reserved 1048576K
}
Event: 41.091 GC heap before
{Heap before GC invocations=62 (full 0):
 garbage-first heap   total 475136K, used 374783K [0x0000000080000000, 0x0000000100000000)
  region size 1024K, 118 young (120832K), 11 survivors (11264K)
 Metaspace       used 153227K, capacity 158363K, committed 158588K, reserved 1185792K
  class space    used 19311K, capacity 21404K, committed 21504K, reserved 1048576K
}
Event: 41.100 GC heap after
{Heap after GC invocations=63 (full 0):
 garbage-first heap   total 475136K, used 266240K [0x0000000080000000, 0x0000000100000000)
  region size 1024K, 3 young (3072K), 3 survivors (3072K)
 Metaspace       used 153227K, capacity 158363K, committed 158588K, reserved 1185792K
  class space    used 19311K, capacity 21404K, committed 21504K, reserved 1048576K
}
Event: 41.414 GC heap before
{Heap before GC invocations=63 (full 0):
 garbage-first heap   total 475136K, used 382976K [0x0000000080000000, 0x0000000100000000)
  region size 1024K, 115 young (117760K), 3 survivors (3072K)
 Metaspace       used 153697K, capacity 158856K, committed 159100K, reserved 1187840K
  class space    used 19341K, capacity 21468K, committed 21504K, reserved 1048576K
}
Event: 41.420 GC heap after
{Heap after GC invocations=64 (full 0):
 garbage-first heap   total 475136K, used 265837K [0x0000000080000000, 0x0000000100000000)
  region size 1024K, 3 young (3072K), 3 survivors (3072K)
 Metaspace       used 153697K, capacity 158856K, committed 159100K, reserved 1187840K
  class space    used 19341K, capacity 21468K, committed 21504K, reserved 1048576K
}
Event: 41.820 GC heap before
{Heap before GC invocations=64 (full 0):
 garbage-first heap   total 475136K, used 353901K [0x0000000080000000, 0x0000000100000000)
  region size 1024K, 88 young (90112K), 3 survivors (3072K)
 Metaspace       used 155140K, capacity 160448K, committed 160636K, reserved 1187840K
  class space    used 19504K, capacity 21664K, committed 21760K, reserved 1048576K
}
Event: 41.825 GC heap after
{Heap after GC invocations=65 (full 0):
 garbage-first heap   total 475136K, used 266130K [0x0000000080000000, 0x0000000100000000)
  region size 1024K, 3 young (3072K), 3 survivors (3072K)
 Metaspace       used 155140K, capacity 160448K, committed 160636K, reserved 1187840K
  class space    used 19504K, capacity 21664K, committed 21760K, reserved 1048576K
}

