# JRE version: OpenJDK Runtime Environment Zulu11.62+17-CA (11.0.18+10) (build 11.0.18+10-LTS)
# Java VM: OpenJDK 64-Bit Server VM Zulu11.62+17-CA (11.0.18+10-LTS, mixed mode, tiered, compressed oops, g1 gc, windows-amd64)
Heap:
 garbage-first heap   total 417792K, used 269352K [0x0000000080000000, 0x0000000100000000)
  region size 1024K, 18 young (18432K), 4 survivors (4096K)
 Metaspace       used 177040K, capacity 183186K, committed 183284K, reserved 1208320K
  class space    used 21453K, capacity 23613K, committed 23680K, reserved 1048576K
GC Heap History (20 events):
Event: 8397.025 GC heap before
{Heap before GC invocations=165 (full 0):
 garbage-first heap   total 417792K, used 337925K [0x0000000080000000, 0x0000000100000000)
  region size 1024K, 85 young (87040K), 5 survivors (5120K)
 Metaspace       used 174603K, capacity 180615K, committed 180852K, reserved 1206272K
  class space    used 21146K, capacity 23258K, committed 23296K, reserved 1048576K
}
Event: 8397.036 GC heap after
{Heap after GC invocations=166 (full 0):
 garbage-first heap   total 417792K, used 266522K [0x0000000080000000, 0x0000000100000000)
  region size 1024K, 11 young (11264K), 11 survivors (11264K)
 Metaspace       used 174603K, capacity 180615K, committed 180852K, reserved 1206272K
  class space    used 21146K, capacity 23258K, committed 23296K, reserved 1048576K
}
Event: 8397.186 GC heap before
{Heap before GC invocations=167 (full 0):
 garbage-first heap   total 417792K, used 340250K [0x0000000080000000, 0x0000000100000000)
  region size 1024K, 84 young (86016K), 11 survivors (11264K)
 Metaspace       used 174643K, capacity 180685K, committed 180852K, reserved 1206272K
  class space    used 21146K, capacity 23258K, committed 23296K, reserved 1048576K
}
Event: 8397.195 GC heap after
{Heap after GC invocations=168 (full 0):
 garbage-first heap   total 417792K, used 271020K [0x0000000080000000, 0x0000000100000000)
  region size 1024K, 7 young (7168K), 7 survivors (7168K)
 Metaspace       used 174643K, capacity 180685K, committed 180852K, reserved 1206272K
  class space    used 21146K, capacity 23258K, committed 23296K, reserved 1048576K
}
Event: 8397.236 GC heap before
{Heap before GC invocations=168 (full 0):
 garbage-first heap   total 417792K, used 285356K [0x0000000080000000, 0x0000000100000000)
  region size 1024K, 20 young (20480K), 7 survivors (7168K)
 Metaspace       used 174658K, capacity 180749K, committed 180852K, reserved 1206272K
  class space    used 21146K, capacity 23258K, committed 23296K, reserved 1048576K
}
Event: 8397.246 GC heap after
{Heap after GC invocations=169 (full 0):
 garbage-first heap   total 417792K, used 259909K [0x0000000080000000, 0x0000000100000000)
  region size 1024K, 3 young (3072K), 3 survivors (3072K)
 Metaspace       used 174658K, capacity 180749K, committed 180852K, reserved 1206272K
  class space    used 21146K, capacity 23258K, committed 23296K, reserved 1048576K
}
Event: 8397.334 GC heap before
{Heap before GC invocations=169 (full 0):
 garbage-first heap   total 417792K, used 302917K [0x0000000080000000, 0x0000000100000000)
  region size 1024K, 47 young (48128K), 3 survivors (3072K)
 Metaspace       used 174696K, capacity 180784K, committed 180852K, reserved 1206272K
  class space    used 21150K, capacity 23264K, committed 23296K, reserved 1048576K
}
Event: 8397.351 GC heap after
{Heap after GC invocations=170 (full 0):
 garbage-first heap   total 417792K, used 266071K [0x0000000080000000, 0x0000000100000000)
  region size 1024K, 9 young (9216K), 9 survivors (9216K)
 Metaspace       used 174696K, capacity 180784K, committed 180852K, reserved 1206272K
  class space    used 21150K, capacity 23264K, committed 23296K, reserved 1048576K
}
Event: 8788.754 GC heap before
{Heap before GC invocations=171 (full 0):
 garbage-first heap   total 417792K, used 358231K [0x0000000080000000, 0x0000000100000000)
  region size 1024K, 80 young (81920K), 9 survivors (9216K)
 Metaspace       used 176801K, capacity 182853K, committed 183028K, reserved 1208320K
  class space    used 21424K, capacity 23566K, committed 23680K, reserved 1048576K
}
Event: 8788.761 GC heap after
{Heap after GC invocations=172 (full 0):
 garbage-first heap   total 417792K, used 262950K [0x0000000080000000, 0x0000000100000000)
  region size 1024K, 5 young (5120K), 5 survivors (5120K)
 Metaspace       used 176801K, capacity 182853K, committed 183028K, reserved 1208320K
  class space    used 21424K, capacity 23566K, committed 23680K, reserved 1048576K
}
Event: 8788.884 GC heap before
{Heap before GC invocations=172 (full 0):
 garbage-first heap   total 417792K, used 277285K [0x0000000080000000, 0x0000000100000000)
  region size 1024K, 20 young (20480K), 5 survivors (5120K)
 Metaspace       used 176927K, capacity 183004K, committed 183284K, reserved 1208320K
  class space    used 21441K, capacity 23592K, committed 23680K, reserved 1048576K
}
Event: 8788.899 GC heap after
{Heap after GC invocations=173 (full 0):
 garbage-first heap   total 417792K, used 250246K [0x0000000080000000, 0x0000000100000000)
  region size 1024K, 3 young (3072K), 3 survivors (3072K)
 Metaspace       used 176927K, capacity 183004K, committed 183284K, reserved 1208320K
  class space    used 21441K, capacity 23592K, committed 23680K, reserved 1048576K
}
Event: 8788.930 GC heap before
{Heap before GC invocations=173 (full 0):
 garbage-first heap   total 417792K, used 260486K [0x0000000080000000, 0x0000000100000000)
  region size 1024K, 14 young (14336K), 3 survivors (3072K)
 Metaspace       used 176929K, capacity 183004K, committed 183284K, reserved 1208320K
  class space    used 21441K, capacity 23592K, committed 23680K, reserved 1048576K
}
Event: 8788.942 GC heap after
{Heap after GC invocations=174 (full 0):
 garbage-first heap   total 417792K, used 250751K [0x0000000080000000, 0x0000000100000000)
  region size 1024K, 4 young (4096K), 4 survivors (4096K)
 Metaspace       used 176929K, capacity 183004K, committed 183284K, reserved 1208320K
  class space    used 21441K, capacity 23592K, committed 23680K, reserved 1048576K
}
Event: 8789.364 GC heap before
{Heap before GC invocations=175 (full 0):
 garbage-first heap   total 417792K, used 349055K [0x0000000080000000, 0x0000000100000000)
  region size 1024K, 77 young (78848K), 4 survivors (4096K)
 Metaspace       used 176949K, capacity 183028K, committed 183284K, reserved 1208320K
  class space    used 21444K, capacity 23596K, committed 23680K, reserved 1048576K
}
Event: 8789.377 GC heap after
{Heap after GC invocations=176 (full 0):
 garbage-first heap   total 417792K, used 268662K [0x0000000080000000, 0x0000000100000000)
  region size 1024K, 10 young (10240K), 10 survivors (10240K)
 Metaspace       used 176949K, capacity 183028K, committed 183284K, reserved 1208320K
  class space    used 21444K, capacity 23596K, committed 23680K, reserved 1048576K
}
Event: 8789.413 GC heap before
{Heap before GC invocations=176 (full 0):
 garbage-first heap   total 417792K, used 277878K [0x0000000080000000, 0x0000000100000000)
  region size 1024K, 20 young (20480K), 10 survivors (10240K)
 Metaspace       used 176962K, capacity 183040K, committed 183284K, reserved 1208320K
  class space    used 21445K, capacity 23598K, committed 23680K, reserved 1048576K
}
Event: 8789.427 GC heap after
{Heap after GC invocations=177 (full 0):
 garbage-first heap   total 417792K, used 256328K [0x0000000080000000, 0x0000000100000000)
  region size 1024K, 3 young (3072K), 3 survivors (3072K)
 Metaspace       used 176962K, capacity 183040K, committed 183284K, reserved 1208320K
  class space    used 21445K, capacity 23598K, committed 23680K, reserved 1048576K
}
Event: 8789.644 GC heap before
{Heap before GC invocations=177 (full 0):
 garbage-first heap   total 417792K, used 324936K [0x0000000080000000, 0x0000000100000000)
  region size 1024K, 71 young (72704K), 3 survivors (3072K)
 Metaspace       used 176988K, capacity 183073K, committed 183284K, reserved 1208320K
  class space    used 21448K, capacity 23604K, committed 23680K, reserved 1048576K
}
Event: 8789.656 GC heap after
{Heap after GC invocations=178 (full 0):
 garbage-first heap   total 417792K, used 257064K [0x0000000080000000, 0x0000000100000000)
  region size 1024K, 4 young (4096K), 4 survivors (4096K)
 Metaspace       used 176988K, capacity 183073K, committed 183284K, reserved 1208320K
  class space    used 21448K, capacity 23604K, committed 23680K, reserved 1048576K
}

